0 info it worked if it ends with ok
1 verbose cli [ '/usr/bin/nodejs', '/usr/bin/npm', 'install' ]
2 info using npm@3.10.10
3 info using node@v6.11.2
4 silly loadCurrentTree Starting
5 silly install loadCurrentTree
6 silly install readLocalPackageData
7 silly install normalizeTree
8 silly loadCurrentTree Finishing
9 silly loadIdealTree Starting
10 silly install loadIdealTree
11 silly cloneCurrentTree Starting
12 silly install cloneCurrentTreeToIdealTree
13 silly cloneCurrentTree Finishing
14 silly loadShrinkwrap Starting
15 silly install loadShrinkwrap
16 silly loadShrinkwrap Finishing
17 silly loadAllDepsIntoIdealTree Starting
18 silly install loadAllDepsIntoIdealTree
19 silly fetchNamedPackageData zlib
20 silly mapToRegistry name zlib
21 silly mapToRegistry using default registry
22 silly mapToRegistry registry https://registry.npmjs.org/
23 silly mapToRegistry data Result {
23 silly mapToRegistry   raw: 'zlib',
23 silly mapToRegistry   scope: null,
23 silly mapToRegistry   escapedName: 'zlib',
23 silly mapToRegistry   name: 'zlib',
23 silly mapToRegistry   rawSpec: '',
23 silly mapToRegistry   spec: 'latest',
23 silly mapToRegistry   type: 'tag' }
24 silly mapToRegistry uri https://registry.npmjs.org/zlib
25 verbose request uri https://registry.npmjs.org/zlib
26 verbose request no auth needed
27 info attempt registry request try #1 at 00:46:25
28 verbose request id 21926ad530d86b26
29 http request GET https://registry.npmjs.org/zlib
30 http 200 https://registry.npmjs.org/zlib
31 verbose headers { server: 'nginx/1.10.1',
31 verbose headers   'content-type': 'application/json',
31 verbose headers   'last-modified': 'Thu, 31 Aug 2017 23:20:17 GMT',
31 verbose headers   etag: 'W/"59a899b1-1847"',
31 verbose headers   'content-encoding': 'gzip',
31 verbose headers   'cache-control': 'max-age=300',
31 verbose headers   'content-length': '1375',
31 verbose headers   'accept-ranges': 'bytes',
31 verbose headers   date: 'Thu, 14 Sep 2017 22:46:25 GMT',
31 verbose headers   via: '1.1 varnish',
31 verbose headers   age: '0',
31 verbose headers   connection: 'keep-alive',
31 verbose headers   'x-served-by': 'cache-hhn1543-HHN',
31 verbose headers   'x-cache': 'MISS',
31 verbose headers   'x-cache-hits': '0',
31 verbose headers   'x-timer': 'S1505429186.659949,VS0,VE29',
31 verbose headers   vary: 'Accept-Encoding, Accept' }
32 silly get cb [ 200,
32 silly get   { server: 'nginx/1.10.1',
32 silly get     'content-type': 'application/json',
32 silly get     'last-modified': 'Thu, 31 Aug 2017 23:20:17 GMT',
32 silly get     etag: 'W/"59a899b1-1847"',
32 silly get     'content-encoding': 'gzip',
32 silly get     'cache-control': 'max-age=300',
32 silly get     'content-length': '1375',
32 silly get     'accept-ranges': 'bytes',
32 silly get     date: 'Thu, 14 Sep 2017 22:46:25 GMT',
32 silly get     via: '1.1 varnish',
32 silly get     age: '0',
32 silly get     connection: 'keep-alive',
32 silly get     'x-served-by': 'cache-hhn1543-HHN',
32 silly get     'x-cache': 'MISS',
32 silly get     'x-cache-hits': '0',
32 silly get     'x-timer': 'S1505429186.659949,VS0,VE29',
32 silly get     vary: 'Accept-Encoding, Accept' } ]
33 verbose get saving zlib to /home/mg/.npm/registry.npmjs.org/zlib/.cache.json
34 verbose correctMkdir /home/mg/.npm correctMkdir not in flight; initializing
35 silly resolveWithNewModule zlib@1.0.5 checking installable status
36 silly cache add args [ 'zlib@*', null ]
37 verbose cache add spec zlib@*
38 silly cache add parsed spec Result {
38 silly cache add   raw: 'zlib@*',
38 silly cache add   scope: null,
38 silly cache add   escapedName: 'zlib',
38 silly cache add   name: 'zlib',
38 silly cache add   rawSpec: '*',
38 silly cache add   spec: '*',
38 silly cache add   type: 'range' }
39 silly addNamed zlib@*
40 verbose addNamed "*" is a valid semver range for zlib
41 silly addNameRange { name: 'zlib', range: '*', hasData: false }
42 silly mapToRegistry name zlib
43 silly mapToRegistry using default registry
44 silly mapToRegistry registry https://registry.npmjs.org/
45 silly mapToRegistry data Result {
45 silly mapToRegistry   raw: 'zlib',
45 silly mapToRegistry   scope: null,
45 silly mapToRegistry   escapedName: 'zlib',
45 silly mapToRegistry   name: 'zlib',
45 silly mapToRegistry   rawSpec: '',
45 silly mapToRegistry   spec: 'latest',
45 silly mapToRegistry   type: 'tag' }
46 silly mapToRegistry uri https://registry.npmjs.org/zlib
47 verbose addNameRange registry:https://registry.npmjs.org/zlib not in flight; fetching
48 verbose get https://registry.npmjs.org/zlib not expired, no request
49 silly addNameRange number 2 { name: 'zlib', range: '*', hasData: true }
50 silly addNameRange versions [ 'zlib',
50 silly addNameRange   [ '1.0.0', '1.0.1', '1.0.2', '1.0.3', '1.0.4', '1.0.5' ] ]
51 silly addNamed zlib@1.0.5
52 verbose addNamed "1.0.5" is a plain semver version for zlib
53 silly mapToRegistry name zlib
54 silly mapToRegistry using default registry
55 silly mapToRegistry registry https://registry.npmjs.org/
56 silly mapToRegistry data Result {
56 silly mapToRegistry   raw: 'zlib',
56 silly mapToRegistry   scope: null,
56 silly mapToRegistry   escapedName: 'zlib',
56 silly mapToRegistry   name: 'zlib',
56 silly mapToRegistry   rawSpec: '',
56 silly mapToRegistry   spec: 'latest',
56 silly mapToRegistry   type: 'tag' }
57 silly mapToRegistry uri https://registry.npmjs.org/zlib
58 verbose addRemoteTarball https://registry.npmjs.org/zlib/-/zlib-1.0.5.tgz not in flight; adding
59 verbose addRemoteTarball [ 'https://registry.npmjs.org/zlib/-/zlib-1.0.5.tgz',
59 verbose addRemoteTarball   '6e7c972fc371c645a6afb03ab14769def114fcc0' ]
60 info retry fetch attempt 1 at 00:46:25
61 info attempt registry request try #1 at 00:46:25
62 http fetch GET https://registry.npmjs.org/zlib/-/zlib-1.0.5.tgz
63 http fetch 200 https://registry.npmjs.org/zlib/-/zlib-1.0.5.tgz
64 silly fetchAndShaCheck shasum 6e7c972fc371c645a6afb03ab14769def114fcc0
65 verbose addTmpTarball /tmp/npm-22554-aac5f9ad/registry.npmjs.org/zlib/-/zlib-1.0.5.tgz not in flight; adding
66 verbose addTmpTarball already have metadata; skipping unpack for zlib@1.0.5
67 verbose correctMkdir /home/mg/.npm correctMkdir not in flight; initializing
68 silly cache afterAdd zlib@1.0.5
69 verbose afterAdd /home/mg/.npm/zlib/1.0.5/package/package.json not in flight; writing
70 verbose correctMkdir /home/mg/.npm correctMkdir not in flight; initializing
71 verbose afterAdd /home/mg/.npm/zlib/1.0.5/package/package.json written
72 silly loadAllDepsIntoIdealTree Finishing
73 silly loadIdealTree Finishing
74 silly currentTree simpler-app@1.0.0
74 silly currentTree ├── accepts@1.3.3
74 silly currentTree ├── append-field@0.1.0
74 silly currentTree ├── array-flatten@1.1.1
74 silly currentTree ├── async@2.1.4
74 silly currentTree ├── bluebird@2.10.2
74 silly currentTree ├─┬ body-parser@1.17.2
74 silly currentTree │ ├── debug@2.6.7
74 silly currentTree │ └── qs@6.4.0
74 silly currentTree ├─┬ body@5.1.0
74 silly currentTree │ ├── bytes@1.0.0
74 silly currentTree │ ├── raw-body@1.1.7
74 silly currentTree │ └── string_decoder@0.10.31
74 silly currentTree ├── bson@1.0.4
74 silly currentTree ├── buffer-shims@1.0.0
74 silly currentTree ├─┬ busboy@0.2.14
74 silly currentTree │ ├── isarray@0.0.1
74 silly currentTree │ ├── readable-stream@1.1.14
74 silly currentTree │ └── string_decoder@0.10.31
74 silly currentTree ├── bytes@2.4.0
74 silly currentTree ├── concat-stream@1.6.0
74 silly currentTree ├── connect-busboy@0.0.2
74 silly currentTree ├─┬ connect-multiparty@2.0.0
74 silly currentTree │ └── qs@4.0.0
74 silly currentTree ├── content-disposition@0.5.2
74 silly currentTree ├── content-type@1.0.2
74 silly currentTree ├── continuable-cache@0.3.1
74 silly currentTree ├── cookie-parser@1.4.3
74 silly currentTree ├── cookie-signature@1.0.6
74 silly currentTree ├── cookie@0.3.1
74 silly currentTree ├── core-util-is@1.0.2
74 silly currentTree ├── debug@2.6.8
74 silly currentTree ├── depd@1.1.1
74 silly currentTree ├── destroy@1.0.4
74 silly currentTree ├─┬ dicer@0.2.5
74 silly currentTree │ ├── isarray@0.0.1
74 silly currentTree │ ├── readable-stream@1.1.14
74 silly currentTree │ └── string_decoder@0.10.31
74 silly currentTree ├── ee-first@1.1.1
74 silly currentTree ├── encodeurl@1.0.1
74 silly currentTree ├── error@7.0.2
74 silly currentTree ├── es6-promise@3.2.1
74 silly currentTree ├── escape-html@1.0.3
74 silly currentTree ├── etag@1.8.0
74 silly currentTree ├── express-busboy@6.0.1
74 silly currentTree ├── express-formidable@1.0.0
74 silly currentTree ├── express@4.15.4
74 silly currentTree ├── fd-slicer@1.0.1
74 silly currentTree ├── finalhandler@1.0.4
74 silly currentTree ├── formidable@1.1.1
74 silly currentTree ├── forwarded@0.1.0
74 silly currentTree ├── fresh@0.5.0
74 silly currentTree ├── hooks-fixed@2.0.0
74 silly currentTree ├── http-errors@1.6.2
74 silly currentTree ├── iconv-lite@0.4.15
74 silly currentTree ├── inherits@2.0.3
74 silly currentTree ├── ipaddr.js@1.4.0
74 silly currentTree ├── isarray@1.0.0
74 silly currentTree ├── kareem@1.5.0
74 silly currentTree ├── lodash@4.17.4
74 silly currentTree ├── media-typer@0.3.0
74 silly currentTree ├── merge-descriptors@1.0.1
74 silly currentTree ├── methods@1.1.2
74 silly currentTree ├── mime-db@1.29.0
74 silly currentTree ├── mime-types@2.1.16
74 silly currentTree ├── mime@2.0.0
74 silly currentTree ├── minimist@0.0.8
74 silly currentTree ├── mkdirp@0.5.1
74 silly currentTree ├── mongodb-core@2.1.15
74 silly currentTree ├── mongodb@2.2.31
74 silly currentTree ├── mongoose@4.11.8
74 silly currentTree ├── mpath@0.3.0
74 silly currentTree ├── mpromise@0.5.5
74 silly currentTree ├─┬ mquery@2.3.1
74 silly currentTree │ └── sliced@0.0.5
74 silly currentTree ├── ms@2.0.0
74 silly currentTree ├── multer@1.3.0
74 silly currentTree ├── multiparty@4.1.3
74 silly currentTree ├── muri@1.2.2
74 silly currentTree ├── negotiator@0.6.1
74 silly currentTree ├── object-assign@3.0.0
74 silly currentTree ├── on-finished@2.3.0
74 silly currentTree ├── parseurl@1.3.1
74 silly currentTree ├── path-to-regexp@0.1.7
74 silly currentTree ├── pend@1.2.0
74 silly currentTree ├── process-nextick-args@1.0.7
74 silly currentTree ├── proxy-addr@1.1.5
74 silly currentTree ├── qs@6.5.0
74 silly currentTree ├── range-parser@1.2.0
74 silly currentTree ├── raw-body@2.2.0
74 silly currentTree ├── readable-stream@2.2.7
74 silly currentTree ├── regexp-clone@0.0.1
74 silly currentTree ├── require_optional@1.0.1
74 silly currentTree ├── resolve-from@2.0.0
74 silly currentTree ├── safe-buffer@5.1.1
74 silly currentTree ├── safe-json-parse@1.0.1
74 silly currentTree ├── semver@5.4.1
74 silly currentTree ├─┬ send@0.15.4
74 silly currentTree │ └── mime@1.3.4
74 silly currentTree ├── serve-static@1.12.4
74 silly currentTree ├── setprototypeof@1.0.3
74 silly currentTree ├── sliced@1.0.1
74 silly currentTree ├── statuses@1.3.1
74 silly currentTree ├── streamsearch@0.1.2
74 silly currentTree ├── string_decoder@1.0.3
74 silly currentTree ├── string-template@0.2.1
74 silly currentTree ├── type-is@1.6.15
74 silly currentTree ├── typedarray@0.0.6
74 silly currentTree ├── unpipe@1.0.0
74 silly currentTree ├── util-deprecate@1.0.2
74 silly currentTree ├── utils-merge@1.0.0
74 silly currentTree ├── uuid@1.4.2
74 silly currentTree ├── vary@1.1.1
74 silly currentTree └── xtend@4.0.1
75 silly idealTree simpler-app@1.0.0
75 silly idealTree ├── accepts@1.3.3
75 silly idealTree ├── append-field@0.1.0
75 silly idealTree ├── array-flatten@1.1.1
75 silly idealTree ├── async@2.1.4
75 silly idealTree ├── bluebird@2.10.2
75 silly idealTree ├─┬ body-parser@1.17.2
75 silly idealTree │ ├── debug@2.6.7
75 silly idealTree │ └── qs@6.4.0
75 silly idealTree ├─┬ body@5.1.0
75 silly idealTree │ ├── bytes@1.0.0
75 silly idealTree │ ├── raw-body@1.1.7
75 silly idealTree │ └── string_decoder@0.10.31
75 silly idealTree ├── bson@1.0.4
75 silly idealTree ├── buffer-shims@1.0.0
75 silly idealTree ├─┬ busboy@0.2.14
75 silly idealTree │ ├── isarray@0.0.1
75 silly idealTree │ ├── readable-stream@1.1.14
75 silly idealTree │ └── string_decoder@0.10.31
75 silly idealTree ├── bytes@2.4.0
75 silly idealTree ├── concat-stream@1.6.0
75 silly idealTree ├── connect-busboy@0.0.2
75 silly idealTree ├─┬ connect-multiparty@2.0.0
75 silly idealTree │ └── qs@4.0.0
75 silly idealTree ├── content-disposition@0.5.2
75 silly idealTree ├── content-type@1.0.2
75 silly idealTree ├── continuable-cache@0.3.1
75 silly idealTree ├── cookie-parser@1.4.3
75 silly idealTree ├── cookie-signature@1.0.6
75 silly idealTree ├── cookie@0.3.1
75 silly idealTree ├── core-util-is@1.0.2
75 silly idealTree ├── debug@2.6.8
75 silly idealTree ├── depd@1.1.1
75 silly idealTree ├── destroy@1.0.4
75 silly idealTree ├─┬ dicer@0.2.5
75 silly idealTree │ ├── isarray@0.0.1
75 silly idealTree │ ├── readable-stream@1.1.14
75 silly idealTree │ └── string_decoder@0.10.31
75 silly idealTree ├── ee-first@1.1.1
75 silly idealTree ├── encodeurl@1.0.1
75 silly idealTree ├── error@7.0.2
75 silly idealTree ├── es6-promise@3.2.1
75 silly idealTree ├── escape-html@1.0.3
75 silly idealTree ├── etag@1.8.0
75 silly idealTree ├── express-busboy@6.0.1
75 silly idealTree ├── express-formidable@1.0.0
75 silly idealTree ├── express@4.15.4
75 silly idealTree ├── fd-slicer@1.0.1
75 silly idealTree ├── finalhandler@1.0.4
75 silly idealTree ├── formidable@1.1.1
75 silly idealTree ├── forwarded@0.1.0
75 silly idealTree ├── fresh@0.5.0
75 silly idealTree ├── hooks-fixed@2.0.0
75 silly idealTree ├── http-errors@1.6.2
75 silly idealTree ├── iconv-lite@0.4.15
75 silly idealTree ├── inherits@2.0.3
75 silly idealTree ├── ipaddr.js@1.4.0
75 silly idealTree ├── isarray@1.0.0
75 silly idealTree ├── kareem@1.5.0
75 silly idealTree ├── lodash@4.17.4
75 silly idealTree ├── media-typer@0.3.0
75 silly idealTree ├── merge-descriptors@1.0.1
75 silly idealTree ├── methods@1.1.2
75 silly idealTree ├── mime-db@1.29.0
75 silly idealTree ├── mime-types@2.1.16
75 silly idealTree ├── mime@2.0.0
75 silly idealTree ├── minimist@0.0.8
75 silly idealTree ├── mkdirp@0.5.1
75 silly idealTree ├── mongodb-core@2.1.15
75 silly idealTree ├── mongodb@2.2.31
75 silly idealTree ├── mongoose@4.11.8
75 silly idealTree ├── mpath@0.3.0
75 silly idealTree ├── mpromise@0.5.5
75 silly idealTree ├─┬ mquery@2.3.1
75 silly idealTree │ └── sliced@0.0.5
75 silly idealTree ├── ms@2.0.0
75 silly idealTree ├── multer@1.3.0
75 silly idealTree ├── multiparty@4.1.3
75 silly idealTree ├── muri@1.2.2
75 silly idealTree ├── negotiator@0.6.1
75 silly idealTree ├── object-assign@3.0.0
75 silly idealTree ├── on-finished@2.3.0
75 silly idealTree ├── parseurl@1.3.1
75 silly idealTree ├── path-to-regexp@0.1.7
75 silly idealTree ├── pend@1.2.0
75 silly idealTree ├── process-nextick-args@1.0.7
75 silly idealTree ├── proxy-addr@1.1.5
75 silly idealTree ├── qs@6.5.0
75 silly idealTree ├── range-parser@1.2.0
75 silly idealTree ├── raw-body@2.2.0
75 silly idealTree ├── readable-stream@2.2.7
75 silly idealTree ├── regexp-clone@0.0.1
75 silly idealTree ├── require_optional@1.0.1
75 silly idealTree ├── resolve-from@2.0.0
75 silly idealTree ├── safe-buffer@5.1.1
75 silly idealTree ├── safe-json-parse@1.0.1
75 silly idealTree ├── semver@5.4.1
75 silly idealTree ├─┬ send@0.15.4
75 silly idealTree │ └── mime@1.3.4
75 silly idealTree ├── serve-static@1.12.4
75 silly idealTree ├── setprototypeof@1.0.3
75 silly idealTree ├── sliced@1.0.1
75 silly idealTree ├── statuses@1.3.1
75 silly idealTree ├── streamsearch@0.1.2
75 silly idealTree ├── string_decoder@1.0.3
75 silly idealTree ├── string-template@0.2.1
75 silly idealTree ├── type-is@1.6.15
75 silly idealTree ├── typedarray@0.0.6
75 silly idealTree ├── unpipe@1.0.0
75 silly idealTree ├── util-deprecate@1.0.2
75 silly idealTree ├── utils-merge@1.0.0
75 silly idealTree ├── uuid@1.4.2
75 silly idealTree ├── vary@1.1.1
75 silly idealTree ├── xtend@4.0.1
75 silly idealTree └── zlib@1.0.5
76 silly generateActionsToTake Starting
77 silly install generateActionsToTake
78 silly generateActionsToTake Finishing
79 silly diffTrees action count 1
80 silly diffTrees add zlib@1.0.5
81 silly decomposeActions action count 8
82 silly decomposeActions fetch zlib@1.0.5
83 silly decomposeActions extract zlib@1.0.5
84 silly decomposeActions test zlib@1.0.5
85 silly decomposeActions preinstall zlib@1.0.5
86 silly decomposeActions build zlib@1.0.5
87 silly decomposeActions install zlib@1.0.5
88 silly decomposeActions postinstall zlib@1.0.5
89 silly decomposeActions finalize zlib@1.0.5
90 silly runTopLevelLifecycles Starting
91 silly install runPreinstallTopLevelLifecycles
92 silly preinstall simpler-app@1.0.0 /home/mg/Dokumenty/repo/cross/simpler-app-2d11c5bc
93 info lifecycle simpler-app@1.0.0~preinstall: simpler-app@1.0.0
94 silly lifecycle simpler-app@1.0.0~preinstall: no script for preinstall, continuing
95 silly executeActions Starting
96 silly install executeActions
97 silly doSerial global-install 0
98 silly doParallel fetch 1
99 verbose correctMkdir /home/mg/.npm/_locks correctMkdir not in flight; initializing
100 verbose lock using /home/mg/.npm/_locks/staging-80fddbc95464b083.lock for /home/mg/Dokumenty/repo/cross/node_modules/.staging
101 silly doParallel extract 1
102 silly extract zlib@1.0.5
103 verbose unbuild node_modules/.staging/zlib-ac6bf2e0
104 silly gentlyRm /home/mg/Dokumenty/repo/cross/node_modules/.staging/zlib-ac6bf2e0 is being purged from base /home/mg/Dokumenty/repo/cross
105 verbose gentlyRm don't care about contents; nuking /home/mg/Dokumenty/repo/cross/node_modules/.staging/zlib-ac6bf2e0
106 verbose tar unpack /home/mg/.npm/zlib/1.0.5/package.tgz
107 verbose tar unpacking to /home/mg/Dokumenty/repo/cross/node_modules/.staging/zlib-ac6bf2e0
108 silly gentlyRm /home/mg/Dokumenty/repo/cross/node_modules/.staging/zlib-ac6bf2e0 is being purged
109 verbose gentlyRm don't care about contents; nuking /home/mg/Dokumenty/repo/cross/node_modules/.staging/zlib-ac6bf2e0
110 silly gunzTarPerm modes [ '775', '664' ]
111 silly gunzTarPerm extractEntry .gitignore
112 silly gunzTarPerm modified mode [ '.gitignore', 420, 436 ]
113 silly gunzTarPerm extractEntry configure
114 silly gunzTarPerm modified mode [ 'configure', 493, 509 ]
115 silly gunzTarPerm extractEntry index.js
116 silly gunzTarPerm modified mode [ 'index.js', 420, 436 ]
117 silly gunzTarPerm extractEntry LICENSE
118 silly gunzTarPerm modified mode [ 'LICENSE', 420, 436 ]
119 silly gunzTarPerm extractEntry Makefile
120 silly gunzTarPerm modified mode [ 'Makefile', 420, 436 ]
121 silly gunzTarPerm extractEntry package.json
122 silly gunzTarPerm modified mode [ 'package.json', 420, 436 ]
123 silly gunzTarPerm extractEntry README.md
124 silly gunzTarPerm modified mode [ 'README.md', 420, 436 ]
125 silly gunzTarPerm extractEntry wscript
126 silly gunzTarPerm modified mode [ 'wscript', 420, 436 ]
127 silly gunzTarPerm extractEntry lib/zlib.js
128 silly gunzTarPerm modified mode [ 'lib/zlib.js', 420, 436 ]
129 silly gunzTarPerm extractEntry src/node-zlib.cc
130 silly gunzTarPerm modified mode [ 'src/node-zlib.cc', 420, 436 ]
131 silly gunzTarPerm extractEntry test/deflate.test.js
132 silly gunzTarPerm modified mode [ 'test/deflate.test.js', 420, 436 ]
133 silly gunzTarPerm extractEntry test/inflate.test.js
134 silly gunzTarPerm modified mode [ 'test/inflate.test.js', 420, 436 ]
135 silly gentlyRm /home/mg/Dokumenty/repo/cross/node_modules/.staging/zlib-ac6bf2e0/node_modules is being purged
136 verbose gentlyRm don't care about contents; nuking /home/mg/Dokumenty/repo/cross/node_modules/.staging/zlib-ac6bf2e0/node_modules
137 silly doParallel preinstall 1
138 silly preinstall zlib@1.0.5 /home/mg/Dokumenty/repo/cross/node_modules/.staging/zlib-ac6bf2e0
139 info lifecycle zlib@1.0.5~preinstall: zlib@1.0.5
140 verbose lifecycle zlib@1.0.5~preinstall: unsafe-perm in lifecycle true
141 verbose lifecycle zlib@1.0.5~preinstall: PATH: /usr/lib/node_modules/npm/bin/node-gyp-bin:/home/mg/Dokumenty/repo/cross/node_modules/.staging/zlib-ac6bf2e0/node_modules/.bin:/home/mg/Dokumenty/repo/cross/node_modules/.bin:/home/mg/bin:/home/mg/.local/bin:/usr/local/sbin:/usr/local/bin:/usr/sbin:/usr/bin:/sbin:/bin:/usr/games:/usr/local/games
142 verbose lifecycle zlib@1.0.5~preinstall: CWD: /home/mg/Dokumenty/repo/cross/node_modules/.staging/zlib-ac6bf2e0
143 silly lifecycle zlib@1.0.5~preinstall: Args: [ '-c', 'node-waf clean || true; node-waf configure build' ]
144 info lifecycle zlib@1.0.5~preinstall: Failed to exec preinstall script
145 verbose unlock done using /home/mg/.npm/_locks/staging-80fddbc95464b083.lock for /home/mg/Dokumenty/repo/cross/node_modules/.staging
146 silly rollbackFailedOptional Starting
147 silly rollbackFailedOptional Finishing
148 silly runTopLevelLifecycles Finishing
149 silly install printInstalled
150 warn simpler-app@1.0.0 No repository field.
151 verbose If you need help, you may report this error at:
151 verbose     <https://github.com/npm/npm/issues>
152 verbose stack Error: zlib@1.0.5 preinstall: `node-waf clean || true; node-waf configure build`
152 verbose stack spawn ENOENT
152 verbose stack     at ChildProcess.<anonymous> (/usr/lib/node_modules/npm/lib/utils/spawn.js:33:16)
152 verbose stack     at emitTwo (events.js:106:13)
152 verbose stack     at ChildProcess.emit (events.js:191:7)
152 verbose stack     at maybeClose (internal/child_process.js:891:16)
152 verbose stack     at Process.ChildProcess._handle.onexit (internal/child_process.js:226:5)
153 verbose pkgid zlib@1.0.5
154 verbose cwd /home/mg/Dokumenty/repo/cross
155 error Linux 4.8.0-53-generic
156 error argv "/usr/bin/nodejs" "/usr/bin/npm" "install"
157 error node v6.11.2
158 error npm  v3.10.10
159 error file sh
160 error code ELIFECYCLE
161 error errno ENOENT
162 error syscall spawn
163 error zlib@1.0.5 preinstall: `node-waf clean || true; node-waf configure build`
163 error spawn ENOENT
164 error Failed at the zlib@1.0.5 preinstall script 'node-waf clean || true; node-waf configure build'.
164 error Make sure you have the latest version of node.js and npm installed.
164 error If you do, this is most likely a problem with the zlib package,
164 error not with npm itself.
164 error Tell the author that this fails on your system:
164 error     node-waf clean || true; node-waf configure build
164 error You can get information on how to open an issue for this project with:
164 error     npm bugs zlib
164 error Or if that isn't available, you can get their info via:
164 error     npm owner ls zlib
164 error There is likely additional logging output above.
165 verbose exit [ 1, true ]
